<?xml version="1.0" encoding="UTF-8"?>
<!-- Generated by org.testng.reporters.JUnitReportReporter -->
<testsuite skipped="0" hostname="AK" name="hotelbookingrunnerclass.Runnerclass" tests="5" failures="0" timestamp="2022-10-04T17:41:21 IST" time="14.249" errors="0">
  <testcase name="loginpage_Details" time="2.635" classname="hotelbookingrunnerclass.Runnerclass"/>
  <system-out/>
  <testcase name="searchpage_Details" time="1.523" classname="hotelbookingrunnerclass.Runnerclass"/>
  <system-out/>
  <testcase name="selectpage_Details" time="0.854" classname="hotelbookingrunnerclass.Runnerclass"/>
  <system-out/>
  <testcase name="bookingpage_Details" time="8.628" classname="hotelbookingrunnerclass.Runnerclass"/>
  <system-out/>
  <testcase name="logoutpage_Details" time="0.609" classname="hotelbookingrunnerclass.Runnerclass"/>
  <system-out/>
</testsuite> <!-- hotelbookingrunnerclass.Runnerclass -->
